04/04/16 23:05:02 Setting maximum file descriptors to 131072.
04/04/16 23:05:02 ******************************************************
04/04/16 23:05:02 ** condor_scheduniv_exec.64273.0 (CONDOR_DAGMAN) STARTING UP
04/04/16 23:05:02 ** /usr/bin/condor_dagman
04/04/16 23:05:02 ** SubsystemInfo: name=DAGMAN type=DAGMAN(10) class=DAEMON(1)
04/04/16 23:05:02 ** Configuration: subsystem:DAGMAN local:<NONE> class:DAEMON
04/04/16 23:05:02 ** $CondorVersion: 8.2.8 Aug 03 2015 $
04/04/16 23:05:02 ** $CondorPlatform: X86_64-CentOS_6.6 $
04/04/16 23:05:02 ** PID = 6392
04/04/16 23:05:02 ** Log last touched time unavailable (No such file or directory)
04/04/16 23:05:02 ******************************************************
04/04/16 23:05:02 Using config source: /etc/condor/condor_config
04/04/16 23:05:02 Using local config sources: 
04/04/16 23:05:02    /etc/condor/config.d/01_uscms_lpc
04/04/16 23:05:02    /etc/condor/config.d/03_uscms_lpc_schedd
04/04/16 23:05:02    /etc/condor/config.d/90_condor_test
04/04/16 23:05:02    /etc/condor/config.d/99_gwms_debug
04/04/16 23:05:02    /etc/condor/config.d/99_uscms_debug
04/04/16 23:05:02 config Macros = 90, Sorted = 90, StringBytes = 3257, TablesBytes = 3320
04/04/16 23:05:02 CLASSAD_CACHING is ENABLED
04/04/16 23:05:02 Daemon Log is logging: D_ALWAYS D_ERROR
04/04/16 23:05:02 DaemonCore: command socket at <131.225.189.230:46608>
04/04/16 23:05:02 DaemonCore: private command socket at <131.225.189.230:46608>
04/04/16 23:05:02 DAGMAN_USE_STRICT setting: 1
04/04/16 23:05:02 DAGMAN_VERBOSITY setting: 3
04/04/16 23:05:02 DAGMAN_DEBUG_CACHE_SIZE setting: 5242880
04/04/16 23:05:02 DAGMAN_DEBUG_CACHE_ENABLE setting: False
04/04/16 23:05:02 DAGMAN_SUBMIT_DELAY setting: 0
04/04/16 23:05:02 DAGMAN_MAX_SUBMIT_ATTEMPTS setting: 6
04/04/16 23:05:02 DAGMAN_STARTUP_CYCLE_DETECT setting: False
04/04/16 23:05:02 DAGMAN_MAX_SUBMITS_PER_INTERVAL setting: 5
04/04/16 23:05:02 DAGMAN_USER_LOG_SCAN_INTERVAL setting: 5
04/04/16 23:05:02 DAGMAN_DEFAULT_PRIORITY setting: 0
04/04/16 23:05:02 DAGMAN_ALWAYS_USE_NODE_LOG setting: True
04/04/16 23:05:02 DAGMAN_SUPPRESS_NOTIFICATION setting: True
04/04/16 23:05:02 allow_events (DAGMAN_ALLOW_EVENTS) setting: 114
04/04/16 23:05:02 DAGMAN_RETRY_SUBMIT_FIRST setting: True
04/04/16 23:05:02 DAGMAN_RETRY_NODE_FIRST setting: False
04/04/16 23:05:02 DAGMAN_MAX_JOBS_IDLE setting: 0
04/04/16 23:05:02 DAGMAN_MAX_JOBS_SUBMITTED setting: 0
04/04/16 23:05:02 DAGMAN_MAX_PRE_SCRIPTS setting: 0
04/04/16 23:05:02 DAGMAN_MAX_POST_SCRIPTS setting: 0
04/04/16 23:05:02 DAGMAN_ALLOW_LOG_ERROR setting: False
04/04/16 23:05:02 DAGMAN_MUNGE_NODE_NAMES setting: True
04/04/16 23:05:02 DAGMAN_PROHIBIT_MULTI_JOBS setting: False
04/04/16 23:05:02 DAGMAN_SUBMIT_DEPTH_FIRST setting: False
04/04/16 23:05:02 DAGMAN_ALWAYS_RUN_POST setting: True
04/04/16 23:05:02 DAGMAN_ABORT_DUPLICATES setting: True
04/04/16 23:05:02 DAGMAN_ABORT_ON_SCARY_SUBMIT setting: True
04/04/16 23:05:02 DAGMAN_PENDING_REPORT_INTERVAL setting: 600
04/04/16 23:05:02 DAGMAN_AUTO_RESCUE setting: True
04/04/16 23:05:02 DAGMAN_MAX_RESCUE_NUM setting: 100
04/04/16 23:05:02 DAGMAN_WRITE_PARTIAL_RESCUE setting: True
04/04/16 23:05:02 DAGMAN_DEFAULT_NODE_LOG setting: @(DAG_DIR)/@(DAG_FILE).nodes.log
04/04/16 23:05:02 DAGMAN_GENERATE_SUBDAG_SUBMITS setting: True
04/04/16 23:05:02 DAGMAN_MAX_JOB_HOLDS setting: 100
04/04/16 23:05:02 DAGMAN_HOLD_CLAIM_TIME setting: 20
04/04/16 23:05:02 ALL_DEBUG setting: 
04/04/16 23:05:02 DAGMAN_DEBUG setting: 
04/04/16 23:05:02 argv[0] == "condor_scheduniv_exec.64273.0"
04/04/16 23:05:02 argv[1] == "-Lockfile"
04/04/16 23:05:02 argv[2] == "fullAnalysis_SMS-T5Wg_mGl-1550_mNLSP-0to1500.dag.lock"
04/04/16 23:05:02 argv[3] == "-AutoRescue"
04/04/16 23:05:02 argv[4] == "1"
04/04/16 23:05:02 argv[5] == "-DoRescueFrom"
04/04/16 23:05:02 argv[6] == "0"
04/04/16 23:05:02 argv[7] == "-Dag"
04/04/16 23:05:02 argv[8] == "fullAnalysis_SMS-T5Wg_mGl-1550_mNLSP-0to1500.dag"
04/04/16 23:05:02 argv[9] == "-Suppress_notification"
04/04/16 23:05:02 argv[10] == "-CsdVersion"
04/04/16 23:05:02 argv[11] == "$CondorVersion: 8.2.8 Aug 03 2015 $"
04/04/16 23:05:02 argv[12] == "-Dagman"
04/04/16 23:05:02 argv[13] == "/usr/bin/condor_dagman"
04/04/16 23:05:02 argv[14] == "-Update_submit"
04/04/16 23:05:02 Default node log file is: </uscms_data/d2/awhitbe1/workArea/RA2studies/analysisFrameworkAttempt/CMSSW_7_4_2/src/RA2bHiggsTagging/batchSub/./fullAnalysis_SMS-T5Wg_mGl-1550_mNLSP-0to1500.dag.nodes.log>
04/04/16 23:05:02 DAG Lockfile will be written to fullAnalysis_SMS-T5Wg_mGl-1550_mNLSP-0to1500.dag.lock
04/04/16 23:05:02 DAG Input file is fullAnalysis_SMS-T5Wg_mGl-1550_mNLSP-0to1500.dag
04/04/16 23:05:02 Parsing 1 dagfiles
04/04/16 23:05:02 Parsing fullAnalysis_SMS-T5Wg_mGl-1550_mNLSP-0to1500.dag ...
04/04/16 23:05:02 Dag contains 0 total jobs
04/04/16 23:05:02 Sleeping for 12 seconds to ensure ProcessId uniqueness
04/04/16 23:05:14 Bootstrapping...
04/04/16 23:05:14 Number of pre-completed nodes: 0
04/04/16 23:05:14 Of 0 nodes total:
04/04/16 23:05:14  Done     Pre   Queued    Post   Ready   Un-Ready   Failed
04/04/16 23:05:14   ===     ===      ===     ===     ===        ===      ===
04/04/16 23:05:14     0       0        0       0       0          0        0
04/04/16 23:05:14 0 job proc(s) currently held
04/04/16 23:05:14 Registering condor_event_timer...
04/04/16 23:05:15 All jobs Completed!
04/04/16 23:05:15 Note: 0 total job deferrals because of -MaxJobs limit (0)
04/04/16 23:05:15 Note: 0 total job deferrals because of -MaxIdle limit (0)
04/04/16 23:05:15 Note: 0 total job deferrals because of node category throttles
04/04/16 23:05:15 Note: 0 total PRE script deferrals because of -MaxPre limit (0)
04/04/16 23:05:15 Note: 0 total POST script deferrals because of -MaxPost limit (0)
04/04/16 23:05:15 Of 0 nodes total:
04/04/16 23:05:15  Done     Pre   Queued    Post   Ready   Un-Ready   Failed
04/04/16 23:05:15   ===     ===      ===     ===     ===        ===      ===
04/04/16 23:05:15     0       0        0       0       0          0        0
04/04/16 23:05:15 0 job proc(s) currently held
04/04/16 23:05:15 Wrote metrics file fullAnalysis_SMS-T5Wg_mGl-1550_mNLSP-0to1500.dag.metrics.
04/04/16 23:05:15 Metrics not sent because of PEGASUS_METRICS or CONDOR_DEVELOPERS setting.
04/04/16 23:05:15 **** condor_scheduniv_exec.64273.0 (condor_DAGMAN) pid 6392 EXITING WITH STATUS 0
