
-----------------------------------------------------------------------
File for submitting this DAG to Condor           : fullAnalysis_TTJets_TuneCUETP8M1.dag.condor.sub
Log of DAGMan debugging messages                 : fullAnalysis_TTJets_TuneCUETP8M1.dag.dagman.out
Log of Condor library output                     : fullAnalysis_TTJets_TuneCUETP8M1.dag.lib.out
Log of Condor library error messages             : fullAnalysis_TTJets_TuneCUETP8M1.dag.lib.err
Log of the life of condor_dagman itself          : fullAnalysis_TTJets_TuneCUETP8M1.dag.dagman.log

-no_submit given, not submitting DAG to Condor.  You can do this with:
"condor_submit fullAnalysis_TTJets_TuneCUETP8M1.dag.condor.sub"
-----------------------------------------------------------------------

-----------------------------------------------------------------------
File for submitting this DAG to Condor           : fullAnalysis_WJetsToLNu_HT-400To600.dag.condor.sub
Log of DAGMan debugging messages                 : fullAnalysis_WJetsToLNu_HT-400To600.dag.dagman.out
Log of Condor library output                     : fullAnalysis_WJetsToLNu_HT-400To600.dag.lib.out
Log of Condor library error messages             : fullAnalysis_WJetsToLNu_HT-400To600.dag.lib.err
Log of the life of condor_dagman itself          : fullAnalysis_WJetsToLNu_HT-400To600.dag.dagman.log

-no_submit given, not submitting DAG to Condor.  You can do this with:
"condor_submit fullAnalysis_WJetsToLNu_HT-400To600.dag.condor.sub"
-----------------------------------------------------------------------

-----------------------------------------------------------------------
File for submitting this DAG to Condor           : fullAnalysis_WJetsToLNu_HT-600To800.dag.condor.sub
Log of DAGMan debugging messages                 : fullAnalysis_WJetsToLNu_HT-600To800.dag.dagman.out
Log of Condor library output                     : fullAnalysis_WJetsToLNu_HT-600To800.dag.lib.out
Log of Condor library error messages             : fullAnalysis_WJetsToLNu_HT-600To800.dag.lib.err
Log of the life of condor_dagman itself          : fullAnalysis_WJetsToLNu_HT-600To800.dag.dagman.log

-no_submit given, not submitting DAG to Condor.  You can do this with:
"condor_submit fullAnalysis_WJetsToLNu_HT-600To800.dag.condor.sub"
-----------------------------------------------------------------------

-----------------------------------------------------------------------
File for submitting this DAG to Condor           : fullAnalysis_WJetsToLNu_HT-800To1200.dag.condor.sub
Log of DAGMan debugging messages                 : fullAnalysis_WJetsToLNu_HT-800To1200.dag.dagman.out
Log of Condor library output                     : fullAnalysis_WJetsToLNu_HT-800To1200.dag.lib.out
Log of Condor library error messages             : fullAnalysis_WJetsToLNu_HT-800To1200.dag.lib.err
Log of the life of condor_dagman itself          : fullAnalysis_WJetsToLNu_HT-800To1200.dag.dagman.log

-no_submit given, not submitting DAG to Condor.  You can do this with:
"condor_submit fullAnalysis_WJetsToLNu_HT-800To1200.dag.condor.sub"
-----------------------------------------------------------------------

-----------------------------------------------------------------------
File for submitting this DAG to Condor           : fullAnalysis_WJetsToLNu_HT-1200To2500.dag.condor.sub
Log of DAGMan debugging messages                 : fullAnalysis_WJetsToLNu_HT-1200To2500.dag.dagman.out
Log of Condor library output                     : fullAnalysis_WJetsToLNu_HT-1200To2500.dag.lib.out
Log of Condor library error messages             : fullAnalysis_WJetsToLNu_HT-1200To2500.dag.lib.err
Log of the life of condor_dagman itself          : fullAnalysis_WJetsToLNu_HT-1200To2500.dag.dagman.log

-no_submit given, not submitting DAG to Condor.  You can do this with:
"condor_submit fullAnalysis_WJetsToLNu_HT-1200To2500.dag.condor.sub"
-----------------------------------------------------------------------

-----------------------------------------------------------------------
File for submitting this DAG to Condor           : fullAnalysis_WJetsToLNu_HT-2500ToInf.dag.condor.sub
Log of DAGMan debugging messages                 : fullAnalysis_WJetsToLNu_HT-2500ToInf.dag.dagman.out
Log of Condor library output                     : fullAnalysis_WJetsToLNu_HT-2500ToInf.dag.lib.out
Log of Condor library error messages             : fullAnalysis_WJetsToLNu_HT-2500ToInf.dag.lib.err
Log of the life of condor_dagman itself          : fullAnalysis_WJetsToLNu_HT-2500ToInf.dag.dagman.log

-no_submit given, not submitting DAG to Condor.  You can do this with:
"condor_submit fullAnalysis_WJetsToLNu_HT-2500ToInf.dag.condor.sub"
-----------------------------------------------------------------------

-----------------------------------------------------------------------
File for submitting this DAG to Condor           : fullAnalysis_ZJetsToNuNu_HT-400To600.dag.condor.sub
Log of DAGMan debugging messages                 : fullAnalysis_ZJetsToNuNu_HT-400To600.dag.dagman.out
Log of Condor library output                     : fullAnalysis_ZJetsToNuNu_HT-400To600.dag.lib.out
Log of Condor library error messages             : fullAnalysis_ZJetsToNuNu_HT-400To600.dag.lib.err
Log of the life of condor_dagman itself          : fullAnalysis_ZJetsToNuNu_HT-400To600.dag.dagman.log

-no_submit given, not submitting DAG to Condor.  You can do this with:
"condor_submit fullAnalysis_ZJetsToNuNu_HT-400To600.dag.condor.sub"
-----------------------------------------------------------------------

-----------------------------------------------------------------------
File for submitting this DAG to Condor           : fullAnalysis_ZJetsToNuNu_HT-600ToInf.dag.condor.sub
Log of DAGMan debugging messages                 : fullAnalysis_ZJetsToNuNu_HT-600ToInf.dag.dagman.out
Log of Condor library output                     : fullAnalysis_ZJetsToNuNu_HT-600ToInf.dag.lib.out
Log of Condor library error messages             : fullAnalysis_ZJetsToNuNu_HT-600ToInf.dag.lib.err
Log of the life of condor_dagman itself          : fullAnalysis_ZJetsToNuNu_HT-600ToInf.dag.dagman.log

-no_submit given, not submitting DAG to Condor.  You can do this with:
"condor_submit fullAnalysis_ZJetsToNuNu_HT-600ToInf.dag.condor.sub"
-----------------------------------------------------------------------

-----------------------------------------------------------------------
File for submitting this DAG to Condor           : fullAnalysis_QCD_HT300to500.dag.condor.sub
Log of DAGMan debugging messages                 : fullAnalysis_QCD_HT300to500.dag.dagman.out
Log of Condor library output                     : fullAnalysis_QCD_HT300to500.dag.lib.out
Log of Condor library error messages             : fullAnalysis_QCD_HT300to500.dag.lib.err
Log of the life of condor_dagman itself          : fullAnalysis_QCD_HT300to500.dag.dagman.log

-no_submit given, not submitting DAG to Condor.  You can do this with:
"condor_submit fullAnalysis_QCD_HT300to500.dag.condor.sub"
-----------------------------------------------------------------------

-----------------------------------------------------------------------
File for submitting this DAG to Condor           : fullAnalysis_QCD_HT500to700.dag.condor.sub
Log of DAGMan debugging messages                 : fullAnalysis_QCD_HT500to700.dag.dagman.out
Log of Condor library output                     : fullAnalysis_QCD_HT500to700.dag.lib.out
Log of Condor library error messages             : fullAnalysis_QCD_HT500to700.dag.lib.err
Log of the life of condor_dagman itself          : fullAnalysis_QCD_HT500to700.dag.dagman.log

-no_submit given, not submitting DAG to Condor.  You can do this with:
"condor_submit fullAnalysis_QCD_HT500to700.dag.condor.sub"
-----------------------------------------------------------------------

-----------------------------------------------------------------------
File for submitting this DAG to Condor           : fullAnalysis_QCD_HT700to1000.dag.condor.sub
Log of DAGMan debugging messages                 : fullAnalysis_QCD_HT700to1000.dag.dagman.out
Log of Condor library output                     : fullAnalysis_QCD_HT700to1000.dag.lib.out
Log of Condor library error messages             : fullAnalysis_QCD_HT700to1000.dag.lib.err
Log of the life of condor_dagman itself          : fullAnalysis_QCD_HT700to1000.dag.dagman.log

-no_submit given, not submitting DAG to Condor.  You can do this with:
"condor_submit fullAnalysis_QCD_HT700to1000.dag.condor.sub"
-----------------------------------------------------------------------

-----------------------------------------------------------------------
File for submitting this DAG to Condor           : fullAnalysis_QCD_HT1000to1500.dag.condor.sub
Log of DAGMan debugging messages                 : fullAnalysis_QCD_HT1000to1500.dag.dagman.out
Log of Condor library output                     : fullAnalysis_QCD_HT1000to1500.dag.lib.out
Log of Condor library error messages             : fullAnalysis_QCD_HT1000to1500.dag.lib.err
Log of the life of condor_dagman itself          : fullAnalysis_QCD_HT1000to1500.dag.dagman.log

-no_submit given, not submitting DAG to Condor.  You can do this with:
"condor_submit fullAnalysis_QCD_HT1000to1500.dag.condor.sub"
-----------------------------------------------------------------------

-----------------------------------------------------------------------
File for submitting this DAG to Condor           : fullAnalysis_QCD_HT1500to2000.dag.condor.sub
Log of DAGMan debugging messages                 : fullAnalysis_QCD_HT1500to2000.dag.dagman.out
Log of Condor library output                     : fullAnalysis_QCD_HT1500to2000.dag.lib.out
Log of Condor library error messages             : fullAnalysis_QCD_HT1500to2000.dag.lib.err
Log of the life of condor_dagman itself          : fullAnalysis_QCD_HT1500to2000.dag.dagman.log

-no_submit given, not submitting DAG to Condor.  You can do this with:
"condor_submit fullAnalysis_QCD_HT1500to2000.dag.condor.sub"
-----------------------------------------------------------------------

-----------------------------------------------------------------------
File for submitting this DAG to Condor           : fullAnalysis_QCD_HT2000toInf.dag.condor.sub
Log of DAGMan debugging messages                 : fullAnalysis_QCD_HT2000toInf.dag.dagman.out
Log of Condor library output                     : fullAnalysis_QCD_HT2000toInf.dag.lib.out
Log of Condor library error messages             : fullAnalysis_QCD_HT2000toInf.dag.lib.err
Log of the life of condor_dagman itself          : fullAnalysis_QCD_HT2000toInf.dag.dagman.log

-no_submit given, not submitting DAG to Condor.  You can do this with:
"condor_submit fullAnalysis_QCD_HT2000toInf.dag.condor.sub"
-----------------------------------------------------------------------

-----------------------------------------------------------------------
File for submitting this DAG to Condor           : fullAnalysis_SMS-T5Wg_mGl-1550_mNLSP-0to1500.dag.condor.sub
Log of DAGMan debugging messages                 : fullAnalysis_SMS-T5Wg_mGl-1550_mNLSP-0to1500.dag.dagman.out
Log of Condor library output                     : fullAnalysis_SMS-T5Wg_mGl-1550_mNLSP-0to1500.dag.lib.out
Log of Condor library error messages             : fullAnalysis_SMS-T5Wg_mGl-1550_mNLSP-0to1500.dag.lib.err
Log of the life of condor_dagman itself          : fullAnalysis_SMS-T5Wg_mGl-1550_mNLSP-0to1500.dag.dagman.log

-no_submit given, not submitting DAG to Condor.  You can do this with:
"condor_submit fullAnalysis_SMS-T5Wg_mGl-1550_mNLSP-0to1500.dag.condor.sub"
-----------------------------------------------------------------------
Executing condor dagman ... 
