000 (64258.000.000) 04/04 23:04:45 Job submitted from host: <131.225.189.230:34839>
    DAG Node: TTJets_TuneCUETP8M1
...
001 (64258.000.000) 04/04 23:04:45 Job executing on host: <131.225.189.230:34839>
...
000 (64259.000.000) 04/04 23:04:45 Job submitted from host: <131.225.189.230:34839>
    DAG Node: WJetsToLNu_HT-400To600
...
000 (64260.000.000) 04/04 23:04:46 Job submitted from host: <131.225.189.230:34839>
    DAG Node: WJetsToLNu_HT-600To800
...
000 (64261.000.000) 04/04 23:04:46 Job submitted from host: <131.225.189.230:34839>
    DAG Node: WJetsToLNu_HT-800To1200
...
000 (64262.000.000) 04/04 23:04:47 Job submitted from host: <131.225.189.230:34839>
    DAG Node: WJetsToLNu_HT-1200To2500
...
001 (64259.000.000) 04/04 23:04:51 Job executing on host: <131.225.189.230:34839>
...
001 (64260.000.000) 04/04 23:04:51 Job executing on host: <131.225.189.230:34839>
...
001 (64261.000.000) 04/04 23:04:51 Job executing on host: <131.225.189.230:34839>
...
001 (64262.000.000) 04/04 23:04:51 Job executing on host: <131.225.189.230:34839>
...
000 (64263.000.000) 04/04 23:04:52 Job submitted from host: <131.225.189.230:34839>
    DAG Node: WJetsToLNu_HT-2500ToInf
...
000 (64264.000.000) 04/04 23:04:52 Job submitted from host: <131.225.189.230:34839>
    DAG Node: ZJetsToNuNu_HT-400To600
...
000 (64265.000.000) 04/04 23:04:53 Job submitted from host: <131.225.189.230:34839>
    DAG Node: ZJetsToNuNu_HT-600ToInf
...
000 (64266.000.000) 04/04 23:04:53 Job submitted from host: <131.225.189.230:34839>
    DAG Node: QCD_HT300to500
...
000 (64267.000.000) 04/04 23:04:53 Job submitted from host: <131.225.189.230:34839>
    DAG Node: QCD_HT500to700
...
001 (64264.000.000) 04/04 23:04:56 Job executing on host: <131.225.189.230:34839>
...
001 (64265.000.000) 04/04 23:04:56 Job executing on host: <131.225.189.230:34839>
...
001 (64266.000.000) 04/04 23:04:56 Job executing on host: <131.225.189.230:34839>
...
001 (64267.000.000) 04/04 23:04:56 Job executing on host: <131.225.189.230:34839>
...
001 (64263.000.000) 04/04 23:04:56 Job executing on host: <131.225.189.230:34839>
...
000 (64269.000.000) 04/04 23:04:59 Job submitted from host: <131.225.189.230:34839>
    DAG Node: QCD_HT700to1000
...
000 (64270.000.000) 04/04 23:04:59 Job submitted from host: <131.225.189.230:34839>
    DAG Node: QCD_HT1000to1500
...
000 (64271.000.000) 04/04 23:04:59 Job submitted from host: <131.225.189.230:34839>
    DAG Node: QCD_HT1500to2000
...
000 (64272.000.000) 04/04 23:05:00 Job submitted from host: <131.225.189.230:34839>
    DAG Node: QCD_HT2000toInf
...
000 (64273.000.000) 04/04 23:05:00 Job submitted from host: <131.225.189.230:34839>
    DAG Node: SMS-T5Wg_mGl-1550_mNLSP-0to1500
...
001 (64271.000.000) 04/04 23:05:02 Job executing on host: <131.225.189.230:34839>
...
001 (64272.000.000) 04/04 23:05:02 Job executing on host: <131.225.189.230:34839>
...
001 (64273.000.000) 04/04 23:05:02 Job executing on host: <131.225.189.230:34839>
...
001 (64269.000.000) 04/04 23:05:02 Job executing on host: <131.225.189.230:34839>
...
001 (64270.000.000) 04/04 23:05:02 Job executing on host: <131.225.189.230:34839>
...
005 (64273.000.000) 04/04 23:05:15 Job terminated.
	(1) Normal termination (return value 0)
		Usr 0 00:00:00, Sys 0 00:00:00  -  Run Remote Usage
		Usr 0 00:00:00, Sys 0 00:00:00  -  Run Local Usage
		Usr 0 00:00:00, Sys 0 00:00:00  -  Total Remote Usage
		Usr 0 00:00:00, Sys 0 00:00:00  -  Total Local Usage
	0  -  Run Bytes Sent By Job
	0  -  Run Bytes Received By Job
	0  -  Total Bytes Sent By Job
	0  -  Total Bytes Received By Job
...
004 (64258.000.000) 04/04 23:07:07 Job was evicted.
	(0) Job was not checkpointed.
		Usr 0 00:00:00, Sys 0 00:00:00  -  Run Remote Usage
		Usr 0 00:00:00, Sys 0 00:00:00  -  Run Local Usage
	0  -  Run Bytes Sent By Job
	0  -  Run Bytes Received By Job
...
009 (64258.000.000) 04/04 23:07:07 Job was aborted by the user.
	removed because <OtherJobRemoveRequirements = DAGManJobId =?= 64257> fired when job (64257.0) was removed
...
004 (64259.000.000) 04/04 23:07:07 Job was evicted.
	(0) Job was not checkpointed.
		Usr 0 00:00:00, Sys 0 00:00:00  -  Run Remote Usage
		Usr 0 00:00:00, Sys 0 00:00:00  -  Run Local Usage
	0  -  Run Bytes Sent By Job
	0  -  Run Bytes Received By Job
...
009 (64259.000.000) 04/04 23:07:07 Job was aborted by the user.
	removed because <OtherJobRemoveRequirements = DAGManJobId =?= 64257> fired when job (64257.0) was removed
...
004 (64260.000.000) 04/04 23:07:07 Job was evicted.
	(0) Job was not checkpointed.
		Usr 0 00:00:00, Sys 0 00:00:00  -  Run Remote Usage
		Usr 0 00:00:00, Sys 0 00:00:00  -  Run Local Usage
	0  -  Run Bytes Sent By Job
	0  -  Run Bytes Received By Job
...
009 (64260.000.000) 04/04 23:07:07 Job was aborted by the user.
	removed because <OtherJobRemoveRequirements = DAGManJobId =?= 64257> fired when job (64257.0) was removed
...
004 (64261.000.000) 04/04 23:07:07 Job was evicted.
	(0) Job was not checkpointed.
		Usr 0 00:00:00, Sys 0 00:00:00  -  Run Remote Usage
		Usr 0 00:00:00, Sys 0 00:00:00  -  Run Local Usage
	0  -  Run Bytes Sent By Job
	0  -  Run Bytes Received By Job
...
009 (64261.000.000) 04/04 23:07:07 Job was aborted by the user.
	removed because <OtherJobRemoveRequirements = DAGManJobId =?= 64257> fired when job (64257.0) was removed
...
004 (64262.000.000) 04/04 23:07:07 Job was evicted.
	(0) Job was not checkpointed.
		Usr 0 00:00:00, Sys 0 00:00:00  -  Run Remote Usage
		Usr 0 00:00:00, Sys 0 00:00:00  -  Run Local Usage
	0  -  Run Bytes Sent By Job
	0  -  Run Bytes Received By Job
...
009 (64262.000.000) 04/04 23:07:07 Job was aborted by the user.
	removed because <OtherJobRemoveRequirements = DAGManJobId =?= 64257> fired when job (64257.0) was removed
...
004 (64264.000.000) 04/04 23:07:07 Job was evicted.
	(0) Job was not checkpointed.
		Usr 0 00:00:00, Sys 0 00:00:00  -  Run Remote Usage
		Usr 0 00:00:00, Sys 0 00:00:00  -  Run Local Usage
	0  -  Run Bytes Sent By Job
	0  -  Run Bytes Received By Job
...
009 (64264.000.000) 04/04 23:07:07 Job was aborted by the user.
	removed because <OtherJobRemoveRequirements = DAGManJobId =?= 64257> fired when job (64257.0) was removed
...
004 (64267.000.000) 04/04 23:07:07 Job was evicted.
	(0) Job was not checkpointed.
		Usr 0 00:00:00, Sys 0 00:00:00  -  Run Remote Usage
		Usr 0 00:00:00, Sys 0 00:00:00  -  Run Local Usage
	0  -  Run Bytes Sent By Job
	0  -  Run Bytes Received By Job
...
009 (64267.000.000) 04/04 23:07:07 Job was aborted by the user.
	removed because <OtherJobRemoveRequirements = DAGManJobId =?= 64257> fired when job (64257.0) was removed
...
004 (64263.000.000) 04/04 23:07:07 Job was evicted.
	(0) Job was not checkpointed.
		Usr 0 00:00:00, Sys 0 00:00:00  -  Run Remote Usage
		Usr 0 00:00:00, Sys 0 00:00:00  -  Run Local Usage
	0  -  Run Bytes Sent By Job
	0  -  Run Bytes Received By Job
...
009 (64263.000.000) 04/04 23:07:07 Job was aborted by the user.
	removed because <OtherJobRemoveRequirements = DAGManJobId =?= 64257> fired when job (64257.0) was removed
...
004 (64271.000.000) 04/04 23:07:07 Job was evicted.
	(0) Job was not checkpointed.
		Usr 0 00:00:00, Sys 0 00:00:00  -  Run Remote Usage
		Usr 0 00:00:00, Sys 0 00:00:00  -  Run Local Usage
	0  -  Run Bytes Sent By Job
	0  -  Run Bytes Received By Job
...
009 (64271.000.000) 04/04 23:07:07 Job was aborted by the user.
	removed because <OtherJobRemoveRequirements = DAGManJobId =?= 64257> fired when job (64257.0) was removed
...
004 (64269.000.000) 04/04 23:07:07 Job was evicted.
	(0) Job was not checkpointed.
		Usr 0 00:00:00, Sys 0 00:00:00  -  Run Remote Usage
		Usr 0 00:00:00, Sys 0 00:00:00  -  Run Local Usage
	0  -  Run Bytes Sent By Job
	0  -  Run Bytes Received By Job
...
009 (64269.000.000) 04/04 23:07:07 Job was aborted by the user.
	removed because <OtherJobRemoveRequirements = DAGManJobId =?= 64257> fired when job (64257.0) was removed
...
004 (64270.000.000) 04/04 23:07:07 Job was evicted.
	(0) Job was not checkpointed.
		Usr 0 00:00:00, Sys 0 00:00:00  -  Run Remote Usage
		Usr 0 00:00:00, Sys 0 00:00:00  -  Run Local Usage
	0  -  Run Bytes Sent By Job
	0  -  Run Bytes Received By Job
...
009 (64270.000.000) 04/04 23:07:07 Job was aborted by the user.
	removed because <OtherJobRemoveRequirements = DAGManJobId =?= 64257> fired when job (64257.0) was removed
...
004 (64265.000.000) 04/04 23:07:07 Job was evicted.
	(0) Job was not checkpointed.
		Usr 0 00:00:00, Sys 0 00:00:00  -  Run Remote Usage
		Usr 0 00:00:00, Sys 0 00:00:00  -  Run Local Usage
	0  -  Run Bytes Sent By Job
	0  -  Run Bytes Received By Job
...
009 (64265.000.000) 04/04 23:07:07 Job was aborted by the user.
	removed because <OtherJobRemoveRequirements = DAGManJobId =?= 64257> fired when job (64257.0) was removed
...
004 (64266.000.000) 04/04 23:07:07 Job was evicted.
	(0) Job was not checkpointed.
		Usr 0 00:00:00, Sys 0 00:00:00  -  Run Remote Usage
		Usr 0 00:00:00, Sys 0 00:00:00  -  Run Local Usage
	0  -  Run Bytes Sent By Job
	0  -  Run Bytes Received By Job
...
009 (64266.000.000) 04/04 23:07:07 Job was aborted by the user.
	removed because <OtherJobRemoveRequirements = DAGManJobId =?= 64257> fired when job (64257.0) was removed
...
004 (64272.000.000) 04/04 23:07:07 Job was evicted.
	(0) Job was not checkpointed.
		Usr 0 00:00:00, Sys 0 00:00:00  -  Run Remote Usage
		Usr 0 00:00:00, Sys 0 00:00:00  -  Run Local Usage
	0  -  Run Bytes Sent By Job
	0  -  Run Bytes Received By Job
...
009 (64272.000.000) 04/04 23:07:07 Job was aborted by the user.
	removed because <OtherJobRemoveRequirements = DAGManJobId =?= 64257> fired when job (64257.0) was removed
...
