04/04/16 23:05:02 Setting maximum file descriptors to 131072.
04/04/16 23:05:02 ******************************************************
04/04/16 23:05:02 ** condor_scheduniv_exec.64272.0 (CONDOR_DAGMAN) STARTING UP
04/04/16 23:05:02 ** /usr/bin/condor_dagman
04/04/16 23:05:02 ** SubsystemInfo: name=DAGMAN type=DAGMAN(10) class=DAEMON(1)
04/04/16 23:05:02 ** Configuration: subsystem:DAGMAN local:<NONE> class:DAEMON
04/04/16 23:05:02 ** $CondorVersion: 8.2.8 Aug 03 2015 $
04/04/16 23:05:02 ** $CondorPlatform: X86_64-CentOS_6.6 $
04/04/16 23:05:02 ** PID = 6391
04/04/16 23:05:02 ** Log last touched time unavailable (No such file or directory)
04/04/16 23:05:02 ******************************************************
04/04/16 23:05:02 Using config source: /etc/condor/condor_config
04/04/16 23:05:02 Using local config sources: 
04/04/16 23:05:02    /etc/condor/config.d/01_uscms_lpc
04/04/16 23:05:02    /etc/condor/config.d/03_uscms_lpc_schedd
04/04/16 23:05:02    /etc/condor/config.d/90_condor_test
04/04/16 23:05:02    /etc/condor/config.d/99_gwms_debug
04/04/16 23:05:02    /etc/condor/config.d/99_uscms_debug
04/04/16 23:05:02 config Macros = 90, Sorted = 90, StringBytes = 3241, TablesBytes = 3320
04/04/16 23:05:02 CLASSAD_CACHING is ENABLED
04/04/16 23:05:02 Daemon Log is logging: D_ALWAYS D_ERROR
04/04/16 23:05:02 DaemonCore: command socket at <131.225.189.230:43924>
04/04/16 23:05:02 DaemonCore: private command socket at <131.225.189.230:43924>
04/04/16 23:05:02 DAGMAN_USE_STRICT setting: 1
04/04/16 23:05:02 DAGMAN_VERBOSITY setting: 3
04/04/16 23:05:02 DAGMAN_DEBUG_CACHE_SIZE setting: 5242880
04/04/16 23:05:02 DAGMAN_DEBUG_CACHE_ENABLE setting: False
04/04/16 23:05:02 DAGMAN_SUBMIT_DELAY setting: 0
04/04/16 23:05:02 DAGMAN_MAX_SUBMIT_ATTEMPTS setting: 6
04/04/16 23:05:02 DAGMAN_STARTUP_CYCLE_DETECT setting: False
04/04/16 23:05:02 DAGMAN_MAX_SUBMITS_PER_INTERVAL setting: 5
04/04/16 23:05:02 DAGMAN_USER_LOG_SCAN_INTERVAL setting: 5
04/04/16 23:05:02 DAGMAN_DEFAULT_PRIORITY setting: 0
04/04/16 23:05:02 DAGMAN_ALWAYS_USE_NODE_LOG setting: True
04/04/16 23:05:02 DAGMAN_SUPPRESS_NOTIFICATION setting: True
04/04/16 23:05:02 allow_events (DAGMAN_ALLOW_EVENTS) setting: 114
04/04/16 23:05:02 DAGMAN_RETRY_SUBMIT_FIRST setting: True
04/04/16 23:05:02 DAGMAN_RETRY_NODE_FIRST setting: False
04/04/16 23:05:02 DAGMAN_MAX_JOBS_IDLE setting: 0
04/04/16 23:05:02 DAGMAN_MAX_JOBS_SUBMITTED setting: 0
04/04/16 23:05:02 DAGMAN_MAX_PRE_SCRIPTS setting: 0
04/04/16 23:05:02 DAGMAN_MAX_POST_SCRIPTS setting: 0
04/04/16 23:05:02 DAGMAN_ALLOW_LOG_ERROR setting: False
04/04/16 23:05:02 DAGMAN_MUNGE_NODE_NAMES setting: True
04/04/16 23:05:02 DAGMAN_PROHIBIT_MULTI_JOBS setting: False
04/04/16 23:05:02 DAGMAN_SUBMIT_DEPTH_FIRST setting: False
04/04/16 23:05:02 DAGMAN_ALWAYS_RUN_POST setting: True
04/04/16 23:05:02 DAGMAN_ABORT_DUPLICATES setting: True
04/04/16 23:05:02 DAGMAN_ABORT_ON_SCARY_SUBMIT setting: True
04/04/16 23:05:02 DAGMAN_PENDING_REPORT_INTERVAL setting: 600
04/04/16 23:05:02 DAGMAN_AUTO_RESCUE setting: True
04/04/16 23:05:02 DAGMAN_MAX_RESCUE_NUM setting: 100
04/04/16 23:05:02 DAGMAN_WRITE_PARTIAL_RESCUE setting: True
04/04/16 23:05:02 DAGMAN_DEFAULT_NODE_LOG setting: @(DAG_DIR)/@(DAG_FILE).nodes.log
04/04/16 23:05:02 DAGMAN_GENERATE_SUBDAG_SUBMITS setting: True
04/04/16 23:05:02 DAGMAN_MAX_JOB_HOLDS setting: 100
04/04/16 23:05:02 DAGMAN_HOLD_CLAIM_TIME setting: 20
04/04/16 23:05:02 ALL_DEBUG setting: 
04/04/16 23:05:02 DAGMAN_DEBUG setting: 
04/04/16 23:05:02 argv[0] == "condor_scheduniv_exec.64272.0"
04/04/16 23:05:02 argv[1] == "-Lockfile"
04/04/16 23:05:02 argv[2] == "fullAnalysis_QCD_HT2000toInf.dag.lock"
04/04/16 23:05:02 argv[3] == "-AutoRescue"
04/04/16 23:05:02 argv[4] == "1"
04/04/16 23:05:02 argv[5] == "-DoRescueFrom"
04/04/16 23:05:02 argv[6] == "0"
04/04/16 23:05:02 argv[7] == "-Dag"
04/04/16 23:05:02 argv[8] == "fullAnalysis_QCD_HT2000toInf.dag"
04/04/16 23:05:02 argv[9] == "-Suppress_notification"
04/04/16 23:05:02 argv[10] == "-CsdVersion"
04/04/16 23:05:02 argv[11] == "$CondorVersion: 8.2.8 Aug 03 2015 $"
04/04/16 23:05:02 argv[12] == "-Dagman"
04/04/16 23:05:02 argv[13] == "/usr/bin/condor_dagman"
04/04/16 23:05:02 argv[14] == "-Update_submit"
04/04/16 23:05:02 Default node log file is: </uscms_data/d2/awhitbe1/workArea/RA2studies/analysisFrameworkAttempt/CMSSW_7_4_2/src/RA2bHiggsTagging/batchSub/./fullAnalysis_QCD_HT2000toInf.dag.nodes.log>
04/04/16 23:05:02 DAG Lockfile will be written to fullAnalysis_QCD_HT2000toInf.dag.lock
04/04/16 23:05:02 DAG Input file is fullAnalysis_QCD_HT2000toInf.dag
04/04/16 23:05:02 Parsing 1 dagfiles
04/04/16 23:05:02 Parsing fullAnalysis_QCD_HT2000toInf.dag ...
04/04/16 23:05:02 Dag contains 44 total jobs
04/04/16 23:05:02 Sleeping for 12 seconds to ensure ProcessId uniqueness
04/04/16 23:05:14 Bootstrapping...
04/04/16 23:05:14 Number of pre-completed nodes: 0
04/04/16 23:05:14 Of 44 nodes total:
04/04/16 23:05:14  Done     Pre   Queued    Post   Ready   Un-Ready   Failed
04/04/16 23:05:14   ===     ===      ===     ===     ===        ===      ===
04/04/16 23:05:14     0       0        0       0      44          0        0
04/04/16 23:05:14 0 job proc(s) currently held
04/04/16 23:05:14 Registering condor_event_timer...
04/04/16 23:05:15 MultiLogFiles: truncating log file /uscms_data/d2/awhitbe1/workArea/RA2studies/analysisFrameworkAttempt/CMSSW_7_4_2/src/RA2bHiggsTagging/batchSub/./fullAnalysis_QCD_HT2000toInf.dag.nodes.log
04/04/16 23:05:15 Submitting Condor Node QCD_HT2000toInf_0 job(s)...
04/04/16 23:05:15 Adding a DAGMan auxiliary log /uscms_data/d2/awhitbe1/workArea/RA2studies/analysisFrameworkAttempt/CMSSW_7_4_2/src/RA2bHiggsTagging/batchSub/./fullAnalysis_QCD_HT2000toInf.dag.nodes.log
04/04/16 23:05:15 Masking the events recorded in the DAGMAN auxiliary log
04/04/16 23:05:15 Mask for auxiliary log is 0,1,2,4,5,7,9,10,11,12,13,16,17,24,27
04/04/16 23:05:15 submitting: /usr/bin/condor_submit -a dag_node_name' '=' 'QCD_HT2000toInf_0 -a +DAGManJobId' '=' '64272 -a DAGManJobId' '=' '64272 -a submit_event_notes' '=' 'DAG' 'Node:' 'QCD_HT2000toInf_0 -a dagman_log' '=' '/uscms_data/d2/awhitbe1/workArea/RA2studies/analysisFrameworkAttempt/CMSSW_7_4_2/src/RA2bHiggsTagging/batchSub/./fullAnalysis_QCD_HT2000toInf.dag.nodes.log -a +DAGManNodesMask' '=' '"0,1,2,4,5,7,9,10,11,12,13,16,17,24,27" -a DAG_STATUS' '=' '0 -a FAILED_COUNT' '=' '0 -a +DAGParentNodeNames' '=' '"" -a notification' '=' 'never fullAnalysis_QCD_HT2000toInf_0.jdl
04/04/16 23:05:15 From submit: Submitting job(s)
04/04/16 23:05:15 From submit: ERROR: Can't open "/uscms_data/d2/awhitbe1/workArea/RA2studies/analysisFrameworkAttempt/CMSSW_7_4_2/src/RA2bHiggsTagging/batchSub/../RA2bHiggsTagging.tar"  with flags 00 (No such file or directory)
04/04/16 23:05:15 failed while reading from pipe.
04/04/16 23:05:15 Read so far: Submitting job(s)ERROR: Can't open "/uscms_data/d2/awhitbe1/workArea/RA2studies/analysisFrameworkAttempt/CMSSW_7_4_2/src/RA2bHiggsTagging/batchSub/../RA2bHiggsTagging.tar"  with flags 00 (No such file or directory)
04/04/16 23:05:15 ERROR: submit attempt failed
04/04/16 23:05:15 submit command was: /usr/bin/condor_submit -a dag_node_name' '=' 'QCD_HT2000toInf_0 -a +DAGManJobId' '=' '64272 -a DAGManJobId' '=' '64272 -a submit_event_notes' '=' 'DAG' 'Node:' 'QCD_HT2000toInf_0 -a dagman_log' '=' '/uscms_data/d2/awhitbe1/workArea/RA2studies/analysisFrameworkAttempt/CMSSW_7_4_2/src/RA2bHiggsTagging/batchSub/./fullAnalysis_QCD_HT2000toInf.dag.nodes.log -a +DAGManNodesMask' '=' '"0,1,2,4,5,7,9,10,11,12,13,16,17,24,27" -a DAG_STATUS' '=' '0 -a FAILED_COUNT' '=' '0 -a +DAGParentNodeNames' '=' '"" -a notification' '=' 'never fullAnalysis_QCD_HT2000toInf_0.jdl
04/04/16 23:05:15 Job submit try 1/6 failed, will try again in >= 1 second.
04/04/16 23:05:15 Of 44 nodes total:
04/04/16 23:05:15  Done     Pre   Queued    Post   Ready   Un-Ready   Failed
04/04/16 23:05:15   ===     ===      ===     ===     ===        ===      ===
04/04/16 23:05:15     0       0        0       0      44          0        0
04/04/16 23:05:15 0 job proc(s) currently held
04/04/16 23:05:20 Submitting Condor Node QCD_HT2000toInf_0 job(s)...
04/04/16 23:05:20 Adding a DAGMan auxiliary log /uscms_data/d2/awhitbe1/workArea/RA2studies/analysisFrameworkAttempt/CMSSW_7_4_2/src/RA2bHiggsTagging/batchSub/./fullAnalysis_QCD_HT2000toInf.dag.nodes.log
04/04/16 23:05:20 Masking the events recorded in the DAGMAN auxiliary log
04/04/16 23:05:20 Mask for auxiliary log is 0,1,2,4,5,7,9,10,11,12,13,16,17,24,27
04/04/16 23:05:20 submitting: /usr/bin/condor_submit -a dag_node_name' '=' 'QCD_HT2000toInf_0 -a +DAGManJobId' '=' '64272 -a DAGManJobId' '=' '64272 -a submit_event_notes' '=' 'DAG' 'Node:' 'QCD_HT2000toInf_0 -a dagman_log' '=' '/uscms_data/d2/awhitbe1/workArea/RA2studies/analysisFrameworkAttempt/CMSSW_7_4_2/src/RA2bHiggsTagging/batchSub/./fullAnalysis_QCD_HT2000toInf.dag.nodes.log -a +DAGManNodesMask' '=' '"0,1,2,4,5,7,9,10,11,12,13,16,17,24,27" -a DAG_STATUS' '=' '0 -a FAILED_COUNT' '=' '0 -a +DAGParentNodeNames' '=' '"" -a notification' '=' 'never fullAnalysis_QCD_HT2000toInf_0.jdl
04/04/16 23:05:20 From submit: Submitting job(s)
04/04/16 23:05:20 From submit: ERROR: Can't open "/uscms_data/d2/awhitbe1/workArea/RA2studies/analysisFrameworkAttempt/CMSSW_7_4_2/src/RA2bHiggsTagging/batchSub/../RA2bHiggsTagging.tar"  with flags 00 (No such file or directory)
04/04/16 23:05:20 failed while reading from pipe.
04/04/16 23:05:20 Read so far: Submitting job(s)ERROR: Can't open "/uscms_data/d2/awhitbe1/workArea/RA2studies/analysisFrameworkAttempt/CMSSW_7_4_2/src/RA2bHiggsTagging/batchSub/../RA2bHiggsTagging.tar"  with flags 00 (No such file or directory)
04/04/16 23:05:20 ERROR: submit attempt failed
04/04/16 23:05:20 submit command was: /usr/bin/condor_submit -a dag_node_name' '=' 'QCD_HT2000toInf_0 -a +DAGManJobId' '=' '64272 -a DAGManJobId' '=' '64272 -a submit_event_notes' '=' 'DAG' 'Node:' 'QCD_HT2000toInf_0 -a dagman_log' '=' '/uscms_data/d2/awhitbe1/workArea/RA2studies/analysisFrameworkAttempt/CMSSW_7_4_2/src/RA2bHiggsTagging/batchSub/./fullAnalysis_QCD_HT2000toInf.dag.nodes.log -a +DAGManNodesMask' '=' '"0,1,2,4,5,7,9,10,11,12,13,16,17,24,27" -a DAG_STATUS' '=' '0 -a FAILED_COUNT' '=' '0 -a +DAGParentNodeNames' '=' '"" -a notification' '=' 'never fullAnalysis_QCD_HT2000toInf_0.jdl
04/04/16 23:05:20 Job submit try 2/6 failed, will try again in >= 2 seconds.
04/04/16 23:05:25 Submitting Condor Node QCD_HT2000toInf_0 job(s)...
04/04/16 23:05:25 Adding a DAGMan auxiliary log /uscms_data/d2/awhitbe1/workArea/RA2studies/analysisFrameworkAttempt/CMSSW_7_4_2/src/RA2bHiggsTagging/batchSub/./fullAnalysis_QCD_HT2000toInf.dag.nodes.log
04/04/16 23:05:25 Masking the events recorded in the DAGMAN auxiliary log
04/04/16 23:05:25 Mask for auxiliary log is 0,1,2,4,5,7,9,10,11,12,13,16,17,24,27
04/04/16 23:05:25 submitting: /usr/bin/condor_submit -a dag_node_name' '=' 'QCD_HT2000toInf_0 -a +DAGManJobId' '=' '64272 -a DAGManJobId' '=' '64272 -a submit_event_notes' '=' 'DAG' 'Node:' 'QCD_HT2000toInf_0 -a dagman_log' '=' '/uscms_data/d2/awhitbe1/workArea/RA2studies/analysisFrameworkAttempt/CMSSW_7_4_2/src/RA2bHiggsTagging/batchSub/./fullAnalysis_QCD_HT2000toInf.dag.nodes.log -a +DAGManNodesMask' '=' '"0,1,2,4,5,7,9,10,11,12,13,16,17,24,27" -a DAG_STATUS' '=' '0 -a FAILED_COUNT' '=' '0 -a +DAGParentNodeNames' '=' '"" -a notification' '=' 'never fullAnalysis_QCD_HT2000toInf_0.jdl
04/04/16 23:05:25 From submit: Submitting job(s)
04/04/16 23:05:25 From submit: ERROR: Can't open "/uscms_data/d2/awhitbe1/workArea/RA2studies/analysisFrameworkAttempt/CMSSW_7_4_2/src/RA2bHiggsTagging/batchSub/../RA2bHiggsTagging.tar"  with flags 00 (No such file or directory)
04/04/16 23:05:25 failed while reading from pipe.
04/04/16 23:05:25 Read so far: Submitting job(s)ERROR: Can't open "/uscms_data/d2/awhitbe1/workArea/RA2studies/analysisFrameworkAttempt/CMSSW_7_4_2/src/RA2bHiggsTagging/batchSub/../RA2bHiggsTagging.tar"  with flags 00 (No such file or directory)
04/04/16 23:05:25 ERROR: submit attempt failed
04/04/16 23:05:25 submit command was: /usr/bin/condor_submit -a dag_node_name' '=' 'QCD_HT2000toInf_0 -a +DAGManJobId' '=' '64272 -a DAGManJobId' '=' '64272 -a submit_event_notes' '=' 'DAG' 'Node:' 'QCD_HT2000toInf_0 -a dagman_log' '=' '/uscms_data/d2/awhitbe1/workArea/RA2studies/analysisFrameworkAttempt/CMSSW_7_4_2/src/RA2bHiggsTagging/batchSub/./fullAnalysis_QCD_HT2000toInf.dag.nodes.log -a +DAGManNodesMask' '=' '"0,1,2,4,5,7,9,10,11,12,13,16,17,24,27" -a DAG_STATUS' '=' '0 -a FAILED_COUNT' '=' '0 -a +DAGParentNodeNames' '=' '"" -a notification' '=' 'never fullAnalysis_QCD_HT2000toInf_0.jdl
04/04/16 23:05:25 Job submit try 3/6 failed, will try again in >= 4 seconds.
04/04/16 23:05:31 Submitting Condor Node QCD_HT2000toInf_0 job(s)...
04/04/16 23:05:31 Adding a DAGMan auxiliary log /uscms_data/d2/awhitbe1/workArea/RA2studies/analysisFrameworkAttempt/CMSSW_7_4_2/src/RA2bHiggsTagging/batchSub/./fullAnalysis_QCD_HT2000toInf.dag.nodes.log
04/04/16 23:05:31 Masking the events recorded in the DAGMAN auxiliary log
04/04/16 23:05:31 Mask for auxiliary log is 0,1,2,4,5,7,9,10,11,12,13,16,17,24,27
04/04/16 23:05:31 submitting: /usr/bin/condor_submit -a dag_node_name' '=' 'QCD_HT2000toInf_0 -a +DAGManJobId' '=' '64272 -a DAGManJobId' '=' '64272 -a submit_event_notes' '=' 'DAG' 'Node:' 'QCD_HT2000toInf_0 -a dagman_log' '=' '/uscms_data/d2/awhitbe1/workArea/RA2studies/analysisFrameworkAttempt/CMSSW_7_4_2/src/RA2bHiggsTagging/batchSub/./fullAnalysis_QCD_HT2000toInf.dag.nodes.log -a +DAGManNodesMask' '=' '"0,1,2,4,5,7,9,10,11,12,13,16,17,24,27" -a DAG_STATUS' '=' '0 -a FAILED_COUNT' '=' '0 -a +DAGParentNodeNames' '=' '"" -a notification' '=' 'never fullAnalysis_QCD_HT2000toInf_0.jdl
04/04/16 23:05:31 From submit: Submitting job(s)
04/04/16 23:05:31 From submit: ERROR: Can't open "/uscms_data/d2/awhitbe1/workArea/RA2studies/analysisFrameworkAttempt/CMSSW_7_4_2/src/RA2bHiggsTagging/batchSub/../RA2bHiggsTagging.tar"  with flags 00 (No such file or directory)
04/04/16 23:05:31 failed while reading from pipe.
04/04/16 23:05:31 Read so far: Submitting job(s)ERROR: Can't open "/uscms_data/d2/awhitbe1/workArea/RA2studies/analysisFrameworkAttempt/CMSSW_7_4_2/src/RA2bHiggsTagging/batchSub/../RA2bHiggsTagging.tar"  with flags 00 (No such file or directory)
04/04/16 23:05:31 ERROR: submit attempt failed
04/04/16 23:05:31 submit command was: /usr/bin/condor_submit -a dag_node_name' '=' 'QCD_HT2000toInf_0 -a +DAGManJobId' '=' '64272 -a DAGManJobId' '=' '64272 -a submit_event_notes' '=' 'DAG' 'Node:' 'QCD_HT2000toInf_0 -a dagman_log' '=' '/uscms_data/d2/awhitbe1/workArea/RA2studies/analysisFrameworkAttempt/CMSSW_7_4_2/src/RA2bHiggsTagging/batchSub/./fullAnalysis_QCD_HT2000toInf.dag.nodes.log -a +DAGManNodesMask' '=' '"0,1,2,4,5,7,9,10,11,12,13,16,17,24,27" -a DAG_STATUS' '=' '0 -a FAILED_COUNT' '=' '0 -a +DAGParentNodeNames' '=' '"" -a notification' '=' 'never fullAnalysis_QCD_HT2000toInf_0.jdl
04/04/16 23:05:31 Job submit try 4/6 failed, will try again in >= 8 seconds.
04/04/16 23:05:42 Submitting Condor Node QCD_HT2000toInf_0 job(s)...
04/04/16 23:05:42 Adding a DAGMan auxiliary log /uscms_data/d2/awhitbe1/workArea/RA2studies/analysisFrameworkAttempt/CMSSW_7_4_2/src/RA2bHiggsTagging/batchSub/./fullAnalysis_QCD_HT2000toInf.dag.nodes.log
04/04/16 23:05:42 Masking the events recorded in the DAGMAN auxiliary log
04/04/16 23:05:42 Mask for auxiliary log is 0,1,2,4,5,7,9,10,11,12,13,16,17,24,27
04/04/16 23:05:42 submitting: /usr/bin/condor_submit -a dag_node_name' '=' 'QCD_HT2000toInf_0 -a +DAGManJobId' '=' '64272 -a DAGManJobId' '=' '64272 -a submit_event_notes' '=' 'DAG' 'Node:' 'QCD_HT2000toInf_0 -a dagman_log' '=' '/uscms_data/d2/awhitbe1/workArea/RA2studies/analysisFrameworkAttempt/CMSSW_7_4_2/src/RA2bHiggsTagging/batchSub/./fullAnalysis_QCD_HT2000toInf.dag.nodes.log -a +DAGManNodesMask' '=' '"0,1,2,4,5,7,9,10,11,12,13,16,17,24,27" -a DAG_STATUS' '=' '0 -a FAILED_COUNT' '=' '0 -a +DAGParentNodeNames' '=' '"" -a notification' '=' 'never fullAnalysis_QCD_HT2000toInf_0.jdl
04/04/16 23:05:42 From submit: Submitting job(s)
04/04/16 23:05:42 From submit: ERROR: Can't open "/uscms_data/d2/awhitbe1/workArea/RA2studies/analysisFrameworkAttempt/CMSSW_7_4_2/src/RA2bHiggsTagging/batchSub/../RA2bHiggsTagging.tar"  with flags 00 (No such file or directory)
04/04/16 23:05:42 failed while reading from pipe.
04/04/16 23:05:42 Read so far: Submitting job(s)ERROR: Can't open "/uscms_data/d2/awhitbe1/workArea/RA2studies/analysisFrameworkAttempt/CMSSW_7_4_2/src/RA2bHiggsTagging/batchSub/../RA2bHiggsTagging.tar"  with flags 00 (No such file or directory)
04/04/16 23:05:42 ERROR: submit attempt failed
04/04/16 23:05:42 submit command was: /usr/bin/condor_submit -a dag_node_name' '=' 'QCD_HT2000toInf_0 -a +DAGManJobId' '=' '64272 -a DAGManJobId' '=' '64272 -a submit_event_notes' '=' 'DAG' 'Node:' 'QCD_HT2000toInf_0 -a dagman_log' '=' '/uscms_data/d2/awhitbe1/workArea/RA2studies/analysisFrameworkAttempt/CMSSW_7_4_2/src/RA2bHiggsTagging/batchSub/./fullAnalysis_QCD_HT2000toInf.dag.nodes.log -a +DAGManNodesMask' '=' '"0,1,2,4,5,7,9,10,11,12,13,16,17,24,27" -a DAG_STATUS' '=' '0 -a FAILED_COUNT' '=' '0 -a +DAGParentNodeNames' '=' '"" -a notification' '=' 'never fullAnalysis_QCD_HT2000toInf_0.jdl
04/04/16 23:05:42 Job submit try 5/6 failed, will try again in >= 16 seconds.
04/04/16 23:05:59 Submitting Condor Node QCD_HT2000toInf_0 job(s)...
04/04/16 23:05:59 Adding a DAGMan auxiliary log /uscms_data/d2/awhitbe1/workArea/RA2studies/analysisFrameworkAttempt/CMSSW_7_4_2/src/RA2bHiggsTagging/batchSub/./fullAnalysis_QCD_HT2000toInf.dag.nodes.log
04/04/16 23:05:59 Masking the events recorded in the DAGMAN auxiliary log
04/04/16 23:05:59 Mask for auxiliary log is 0,1,2,4,5,7,9,10,11,12,13,16,17,24,27
04/04/16 23:05:59 submitting: /usr/bin/condor_submit -a dag_node_name' '=' 'QCD_HT2000toInf_0 -a +DAGManJobId' '=' '64272 -a DAGManJobId' '=' '64272 -a submit_event_notes' '=' 'DAG' 'Node:' 'QCD_HT2000toInf_0 -a dagman_log' '=' '/uscms_data/d2/awhitbe1/workArea/RA2studies/analysisFrameworkAttempt/CMSSW_7_4_2/src/RA2bHiggsTagging/batchSub/./fullAnalysis_QCD_HT2000toInf.dag.nodes.log -a +DAGManNodesMask' '=' '"0,1,2,4,5,7,9,10,11,12,13,16,17,24,27" -a DAG_STATUS' '=' '0 -a FAILED_COUNT' '=' '0 -a +DAGParentNodeNames' '=' '"" -a notification' '=' 'never fullAnalysis_QCD_HT2000toInf_0.jdl
04/04/16 23:05:59 From submit: Submitting job(s)
04/04/16 23:05:59 From submit: ERROR: Can't open "/uscms_data/d2/awhitbe1/workArea/RA2studies/analysisFrameworkAttempt/CMSSW_7_4_2/src/RA2bHiggsTagging/batchSub/../RA2bHiggsTagging.tar"  with flags 00 (No such file or directory)
04/04/16 23:05:59 failed while reading from pipe.
04/04/16 23:05:59 Read so far: Submitting job(s)ERROR: Can't open "/uscms_data/d2/awhitbe1/workArea/RA2studies/analysisFrameworkAttempt/CMSSW_7_4_2/src/RA2bHiggsTagging/batchSub/../RA2bHiggsTagging.tar"  with flags 00 (No such file or directory)
04/04/16 23:05:59 ERROR: submit attempt failed
04/04/16 23:05:59 submit command was: /usr/bin/condor_submit -a dag_node_name' '=' 'QCD_HT2000toInf_0 -a +DAGManJobId' '=' '64272 -a DAGManJobId' '=' '64272 -a submit_event_notes' '=' 'DAG' 'Node:' 'QCD_HT2000toInf_0 -a dagman_log' '=' '/uscms_data/d2/awhitbe1/workArea/RA2studies/analysisFrameworkAttempt/CMSSW_7_4_2/src/RA2bHiggsTagging/batchSub/./fullAnalysis_QCD_HT2000toInf.dag.nodes.log -a +DAGManNodesMask' '=' '"0,1,2,4,5,7,9,10,11,12,13,16,17,24,27" -a DAG_STATUS' '=' '0 -a FAILED_COUNT' '=' '0 -a +DAGParentNodeNames' '=' '"" -a notification' '=' 'never fullAnalysis_QCD_HT2000toInf_0.jdl
04/04/16 23:05:59 Job submit failed after 6 tries.
04/04/16 23:05:59 Shortcutting node QCD_HT2000toInf_0 retries because of submit failure(s)
04/04/16 23:05:59 Of 44 nodes total:
04/04/16 23:05:59  Done     Pre   Queued    Post   Ready   Un-Ready   Failed
04/04/16 23:05:59   ===     ===      ===     ===     ===        ===      ===
04/04/16 23:05:59     0       0        0       0      43          0        1
04/04/16 23:05:59 0 job proc(s) currently held
04/04/16 23:06:04 Submitting Condor Node QCD_HT2000toInf_10 job(s)...
04/04/16 23:06:04 Adding a DAGMan auxiliary log /uscms_data/d2/awhitbe1/workArea/RA2studies/analysisFrameworkAttempt/CMSSW_7_4_2/src/RA2bHiggsTagging/batchSub/./fullAnalysis_QCD_HT2000toInf.dag.nodes.log
04/04/16 23:06:04 Masking the events recorded in the DAGMAN auxiliary log
04/04/16 23:06:04 Mask for auxiliary log is 0,1,2,4,5,7,9,10,11,12,13,16,17,24,27
04/04/16 23:06:04 submitting: /usr/bin/condor_submit -a dag_node_name' '=' 'QCD_HT2000toInf_10 -a +DAGManJobId' '=' '64272 -a DAGManJobId' '=' '64272 -a submit_event_notes' '=' 'DAG' 'Node:' 'QCD_HT2000toInf_10 -a dagman_log' '=' '/uscms_data/d2/awhitbe1/workArea/RA2studies/analysisFrameworkAttempt/CMSSW_7_4_2/src/RA2bHiggsTagging/batchSub/./fullAnalysis_QCD_HT2000toInf.dag.nodes.log -a +DAGManNodesMask' '=' '"0,1,2,4,5,7,9,10,11,12,13,16,17,24,27" -a DAG_STATUS' '=' '2 -a FAILED_COUNT' '=' '1 -a +DAGParentNodeNames' '=' '"" -a notification' '=' 'never fullAnalysis_QCD_HT2000toInf_10.jdl
04/04/16 23:06:04 From submit: Submitting job(s)
04/04/16 23:06:04 From submit: ERROR: Can't open "/uscms_data/d2/awhitbe1/workArea/RA2studies/analysisFrameworkAttempt/CMSSW_7_4_2/src/RA2bHiggsTagging/batchSub/../RA2bHiggsTagging.tar"  with flags 00 (No such file or directory)
04/04/16 23:06:04 failed while reading from pipe.
04/04/16 23:06:04 Read so far: Submitting job(s)ERROR: Can't open "/uscms_data/d2/awhitbe1/workArea/RA2studies/analysisFrameworkAttempt/CMSSW_7_4_2/src/RA2bHiggsTagging/batchSub/../RA2bHiggsTagging.tar"  with flags 00 (No such file or directory)
04/04/16 23:06:04 ERROR: submit attempt failed
04/04/16 23:06:04 submit command was: /usr/bin/condor_submit -a dag_node_name' '=' 'QCD_HT2000toInf_10 -a +DAGManJobId' '=' '64272 -a DAGManJobId' '=' '64272 -a submit_event_notes' '=' 'DAG' 'Node:' 'QCD_HT2000toInf_10 -a dagman_log' '=' '/uscms_data/d2/awhitbe1/workArea/RA2studies/analysisFrameworkAttempt/CMSSW_7_4_2/src/RA2bHiggsTagging/batchSub/./fullAnalysis_QCD_HT2000toInf.dag.nodes.log -a +DAGManNodesMask' '=' '"0,1,2,4,5,7,9,10,11,12,13,16,17,24,27" -a DAG_STATUS' '=' '2 -a FAILED_COUNT' '=' '1 -a +DAGParentNodeNames' '=' '"" -a notification' '=' 'never fullAnalysis_QCD_HT2000toInf_10.jdl
04/04/16 23:06:04 Job submit try 1/6 failed, will try again in >= 1 second.
04/04/16 23:06:09 Submitting Condor Node QCD_HT2000toInf_10 job(s)...
04/04/16 23:06:09 Adding a DAGMan auxiliary log /uscms_data/d2/awhitbe1/workArea/RA2studies/analysisFrameworkAttempt/CMSSW_7_4_2/src/RA2bHiggsTagging/batchSub/./fullAnalysis_QCD_HT2000toInf.dag.nodes.log
04/04/16 23:06:09 Masking the events recorded in the DAGMAN auxiliary log
04/04/16 23:06:09 Mask for auxiliary log is 0,1,2,4,5,7,9,10,11,12,13,16,17,24,27
04/04/16 23:06:09 submitting: /usr/bin/condor_submit -a dag_node_name' '=' 'QCD_HT2000toInf_10 -a +DAGManJobId' '=' '64272 -a DAGManJobId' '=' '64272 -a submit_event_notes' '=' 'DAG' 'Node:' 'QCD_HT2000toInf_10 -a dagman_log' '=' '/uscms_data/d2/awhitbe1/workArea/RA2studies/analysisFrameworkAttempt/CMSSW_7_4_2/src/RA2bHiggsTagging/batchSub/./fullAnalysis_QCD_HT2000toInf.dag.nodes.log -a +DAGManNodesMask' '=' '"0,1,2,4,5,7,9,10,11,12,13,16,17,24,27" -a DAG_STATUS' '=' '2 -a FAILED_COUNT' '=' '1 -a +DAGParentNodeNames' '=' '"" -a notification' '=' 'never fullAnalysis_QCD_HT2000toInf_10.jdl
04/04/16 23:06:09 From submit: Submitting job(s)
04/04/16 23:06:09 From submit: ERROR: Can't open "/uscms_data/d2/awhitbe1/workArea/RA2studies/analysisFrameworkAttempt/CMSSW_7_4_2/src/RA2bHiggsTagging/batchSub/../RA2bHiggsTagging.tar"  with flags 00 (No such file or directory)
04/04/16 23:06:09 failed while reading from pipe.
04/04/16 23:06:09 Read so far: Submitting job(s)ERROR: Can't open "/uscms_data/d2/awhitbe1/workArea/RA2studies/analysisFrameworkAttempt/CMSSW_7_4_2/src/RA2bHiggsTagging/batchSub/../RA2bHiggsTagging.tar"  with flags 00 (No such file or directory)
04/04/16 23:06:09 ERROR: submit attempt failed
04/04/16 23:06:09 submit command was: /usr/bin/condor_submit -a dag_node_name' '=' 'QCD_HT2000toInf_10 -a +DAGManJobId' '=' '64272 -a DAGManJobId' '=' '64272 -a submit_event_notes' '=' 'DAG' 'Node:' 'QCD_HT2000toInf_10 -a dagman_log' '=' '/uscms_data/d2/awhitbe1/workArea/RA2studies/analysisFrameworkAttempt/CMSSW_7_4_2/src/RA2bHiggsTagging/batchSub/./fullAnalysis_QCD_HT2000toInf.dag.nodes.log -a +DAGManNodesMask' '=' '"0,1,2,4,5,7,9,10,11,12,13,16,17,24,27" -a DAG_STATUS' '=' '2 -a FAILED_COUNT' '=' '1 -a +DAGParentNodeNames' '=' '"" -a notification' '=' 'never fullAnalysis_QCD_HT2000toInf_10.jdl
04/04/16 23:06:09 Job submit try 2/6 failed, will try again in >= 2 seconds.
04/04/16 23:06:14 Submitting Condor Node QCD_HT2000toInf_10 job(s)...
04/04/16 23:06:14 Adding a DAGMan auxiliary log /uscms_data/d2/awhitbe1/workArea/RA2studies/analysisFrameworkAttempt/CMSSW_7_4_2/src/RA2bHiggsTagging/batchSub/./fullAnalysis_QCD_HT2000toInf.dag.nodes.log
04/04/16 23:06:14 Masking the events recorded in the DAGMAN auxiliary log
04/04/16 23:06:14 Mask for auxiliary log is 0,1,2,4,5,7,9,10,11,12,13,16,17,24,27
04/04/16 23:06:14 submitting: /usr/bin/condor_submit -a dag_node_name' '=' 'QCD_HT2000toInf_10 -a +DAGManJobId' '=' '64272 -a DAGManJobId' '=' '64272 -a submit_event_notes' '=' 'DAG' 'Node:' 'QCD_HT2000toInf_10 -a dagman_log' '=' '/uscms_data/d2/awhitbe1/workArea/RA2studies/analysisFrameworkAttempt/CMSSW_7_4_2/src/RA2bHiggsTagging/batchSub/./fullAnalysis_QCD_HT2000toInf.dag.nodes.log -a +DAGManNodesMask' '=' '"0,1,2,4,5,7,9,10,11,12,13,16,17,24,27" -a DAG_STATUS' '=' '2 -a FAILED_COUNT' '=' '1 -a +DAGParentNodeNames' '=' '"" -a notification' '=' 'never fullAnalysis_QCD_HT2000toInf_10.jdl
04/04/16 23:06:14 From submit: Submitting job(s)
04/04/16 23:06:14 From submit: ERROR: Can't open "/uscms_data/d2/awhitbe1/workArea/RA2studies/analysisFrameworkAttempt/CMSSW_7_4_2/src/RA2bHiggsTagging/batchSub/../RA2bHiggsTagging.tar"  with flags 00 (No such file or directory)
04/04/16 23:06:14 failed while reading from pipe.
04/04/16 23:06:14 Read so far: Submitting job(s)ERROR: Can't open "/uscms_data/d2/awhitbe1/workArea/RA2studies/analysisFrameworkAttempt/CMSSW_7_4_2/src/RA2bHiggsTagging/batchSub/../RA2bHiggsTagging.tar"  with flags 00 (No such file or directory)
04/04/16 23:06:14 ERROR: submit attempt failed
04/04/16 23:06:14 submit command was: /usr/bin/condor_submit -a dag_node_name' '=' 'QCD_HT2000toInf_10 -a +DAGManJobId' '=' '64272 -a DAGManJobId' '=' '64272 -a submit_event_notes' '=' 'DAG' 'Node:' 'QCD_HT2000toInf_10 -a dagman_log' '=' '/uscms_data/d2/awhitbe1/workArea/RA2studies/analysisFrameworkAttempt/CMSSW_7_4_2/src/RA2bHiggsTagging/batchSub/./fullAnalysis_QCD_HT2000toInf.dag.nodes.log -a +DAGManNodesMask' '=' '"0,1,2,4,5,7,9,10,11,12,13,16,17,24,27" -a DAG_STATUS' '=' '2 -a FAILED_COUNT' '=' '1 -a +DAGParentNodeNames' '=' '"" -a notification' '=' 'never fullAnalysis_QCD_HT2000toInf_10.jdl
04/04/16 23:06:14 Job submit try 3/6 failed, will try again in >= 4 seconds.
04/04/16 23:06:19 Submitting Condor Node QCD_HT2000toInf_10 job(s)...
04/04/16 23:06:19 Adding a DAGMan auxiliary log /uscms_data/d2/awhitbe1/workArea/RA2studies/analysisFrameworkAttempt/CMSSW_7_4_2/src/RA2bHiggsTagging/batchSub/./fullAnalysis_QCD_HT2000toInf.dag.nodes.log
04/04/16 23:06:19 Masking the events recorded in the DAGMAN auxiliary log
04/04/16 23:06:19 Mask for auxiliary log is 0,1,2,4,5,7,9,10,11,12,13,16,17,24,27
04/04/16 23:06:19 submitting: /usr/bin/condor_submit -a dag_node_name' '=' 'QCD_HT2000toInf_10 -a +DAGManJobId' '=' '64272 -a DAGManJobId' '=' '64272 -a submit_event_notes' '=' 'DAG' 'Node:' 'QCD_HT2000toInf_10 -a dagman_log' '=' '/uscms_data/d2/awhitbe1/workArea/RA2studies/analysisFrameworkAttempt/CMSSW_7_4_2/src/RA2bHiggsTagging/batchSub/./fullAnalysis_QCD_HT2000toInf.dag.nodes.log -a +DAGManNodesMask' '=' '"0,1,2,4,5,7,9,10,11,12,13,16,17,24,27" -a DAG_STATUS' '=' '2 -a FAILED_COUNT' '=' '1 -a +DAGParentNodeNames' '=' '"" -a notification' '=' 'never fullAnalysis_QCD_HT2000toInf_10.jdl
04/04/16 23:06:19 From submit: Submitting job(s)
04/04/16 23:06:19 From submit: ERROR: Can't open "/uscms_data/d2/awhitbe1/workArea/RA2studies/analysisFrameworkAttempt/CMSSW_7_4_2/src/RA2bHiggsTagging/batchSub/../RA2bHiggsTagging.tar"  with flags 00 (No such file or directory)
04/04/16 23:06:19 failed while reading from pipe.
04/04/16 23:06:19 Read so far: Submitting job(s)ERROR: Can't open "/uscms_data/d2/awhitbe1/workArea/RA2studies/analysisFrameworkAttempt/CMSSW_7_4_2/src/RA2bHiggsTagging/batchSub/../RA2bHiggsTagging.tar"  with flags 00 (No such file or directory)
04/04/16 23:06:19 ERROR: submit attempt failed
04/04/16 23:06:19 submit command was: /usr/bin/condor_submit -a dag_node_name' '=' 'QCD_HT2000toInf_10 -a +DAGManJobId' '=' '64272 -a DAGManJobId' '=' '64272 -a submit_event_notes' '=' 'DAG' 'Node:' 'QCD_HT2000toInf_10 -a dagman_log' '=' '/uscms_data/d2/awhitbe1/workArea/RA2studies/analysisFrameworkAttempt/CMSSW_7_4_2/src/RA2bHiggsTagging/batchSub/./fullAnalysis_QCD_HT2000toInf.dag.nodes.log -a +DAGManNodesMask' '=' '"0,1,2,4,5,7,9,10,11,12,13,16,17,24,27" -a DAG_STATUS' '=' '2 -a FAILED_COUNT' '=' '1 -a +DAGParentNodeNames' '=' '"" -a notification' '=' 'never fullAnalysis_QCD_HT2000toInf_10.jdl
04/04/16 23:06:19 Job submit try 4/6 failed, will try again in >= 8 seconds.
04/04/16 23:06:30 Submitting Condor Node QCD_HT2000toInf_10 job(s)...
04/04/16 23:06:30 Adding a DAGMan auxiliary log /uscms_data/d2/awhitbe1/workArea/RA2studies/analysisFrameworkAttempt/CMSSW_7_4_2/src/RA2bHiggsTagging/batchSub/./fullAnalysis_QCD_HT2000toInf.dag.nodes.log
04/04/16 23:06:30 Masking the events recorded in the DAGMAN auxiliary log
04/04/16 23:06:30 Mask for auxiliary log is 0,1,2,4,5,7,9,10,11,12,13,16,17,24,27
04/04/16 23:06:30 submitting: /usr/bin/condor_submit -a dag_node_name' '=' 'QCD_HT2000toInf_10 -a +DAGManJobId' '=' '64272 -a DAGManJobId' '=' '64272 -a submit_event_notes' '=' 'DAG' 'Node:' 'QCD_HT2000toInf_10 -a dagman_log' '=' '/uscms_data/d2/awhitbe1/workArea/RA2studies/analysisFrameworkAttempt/CMSSW_7_4_2/src/RA2bHiggsTagging/batchSub/./fullAnalysis_QCD_HT2000toInf.dag.nodes.log -a +DAGManNodesMask' '=' '"0,1,2,4,5,7,9,10,11,12,13,16,17,24,27" -a DAG_STATUS' '=' '2 -a FAILED_COUNT' '=' '1 -a +DAGParentNodeNames' '=' '"" -a notification' '=' 'never fullAnalysis_QCD_HT2000toInf_10.jdl
04/04/16 23:06:31 From submit: Submitting job(s)
04/04/16 23:06:31 From submit: ERROR: Can't open "/uscms_data/d2/awhitbe1/workArea/RA2studies/analysisFrameworkAttempt/CMSSW_7_4_2/src/RA2bHiggsTagging/batchSub/../RA2bHiggsTagging.tar"  with flags 00 (No such file or directory)
04/04/16 23:06:31 failed while reading from pipe.
04/04/16 23:06:31 Read so far: Submitting job(s)ERROR: Can't open "/uscms_data/d2/awhitbe1/workArea/RA2studies/analysisFrameworkAttempt/CMSSW_7_4_2/src/RA2bHiggsTagging/batchSub/../RA2bHiggsTagging.tar"  with flags 00 (No such file or directory)
04/04/16 23:06:31 ERROR: submit attempt failed
04/04/16 23:06:31 submit command was: /usr/bin/condor_submit -a dag_node_name' '=' 'QCD_HT2000toInf_10 -a +DAGManJobId' '=' '64272 -a DAGManJobId' '=' '64272 -a submit_event_notes' '=' 'DAG' 'Node:' 'QCD_HT2000toInf_10 -a dagman_log' '=' '/uscms_data/d2/awhitbe1/workArea/RA2studies/analysisFrameworkAttempt/CMSSW_7_4_2/src/RA2bHiggsTagging/batchSub/./fullAnalysis_QCD_HT2000toInf.dag.nodes.log -a +DAGManNodesMask' '=' '"0,1,2,4,5,7,9,10,11,12,13,16,17,24,27" -a DAG_STATUS' '=' '2 -a FAILED_COUNT' '=' '1 -a +DAGParentNodeNames' '=' '"" -a notification' '=' 'never fullAnalysis_QCD_HT2000toInf_10.jdl
04/04/16 23:06:31 Job submit try 5/6 failed, will try again in >= 16 seconds.
04/04/16 23:06:48 Submitting Condor Node QCD_HT2000toInf_10 job(s)...
04/04/16 23:06:48 Adding a DAGMan auxiliary log /uscms_data/d2/awhitbe1/workArea/RA2studies/analysisFrameworkAttempt/CMSSW_7_4_2/src/RA2bHiggsTagging/batchSub/./fullAnalysis_QCD_HT2000toInf.dag.nodes.log
04/04/16 23:06:48 Masking the events recorded in the DAGMAN auxiliary log
04/04/16 23:06:48 Mask for auxiliary log is 0,1,2,4,5,7,9,10,11,12,13,16,17,24,27
04/04/16 23:06:48 submitting: /usr/bin/condor_submit -a dag_node_name' '=' 'QCD_HT2000toInf_10 -a +DAGManJobId' '=' '64272 -a DAGManJobId' '=' '64272 -a submit_event_notes' '=' 'DAG' 'Node:' 'QCD_HT2000toInf_10 -a dagman_log' '=' '/uscms_data/d2/awhitbe1/workArea/RA2studies/analysisFrameworkAttempt/CMSSW_7_4_2/src/RA2bHiggsTagging/batchSub/./fullAnalysis_QCD_HT2000toInf.dag.nodes.log -a +DAGManNodesMask' '=' '"0,1,2,4,5,7,9,10,11,12,13,16,17,24,27" -a DAG_STATUS' '=' '2 -a FAILED_COUNT' '=' '1 -a +DAGParentNodeNames' '=' '"" -a notification' '=' 'never fullAnalysis_QCD_HT2000toInf_10.jdl
04/04/16 23:06:48 From submit: Submitting job(s)
04/04/16 23:06:48 From submit: ERROR: Can't open "/uscms_data/d2/awhitbe1/workArea/RA2studies/analysisFrameworkAttempt/CMSSW_7_4_2/src/RA2bHiggsTagging/batchSub/../RA2bHiggsTagging.tar"  with flags 00 (No such file or directory)
04/04/16 23:06:48 failed while reading from pipe.
04/04/16 23:06:48 Read so far: Submitting job(s)ERROR: Can't open "/uscms_data/d2/awhitbe1/workArea/RA2studies/analysisFrameworkAttempt/CMSSW_7_4_2/src/RA2bHiggsTagging/batchSub/../RA2bHiggsTagging.tar"  with flags 00 (No such file or directory)
04/04/16 23:06:48 ERROR: submit attempt failed
04/04/16 23:06:48 submit command was: /usr/bin/condor_submit -a dag_node_name' '=' 'QCD_HT2000toInf_10 -a +DAGManJobId' '=' '64272 -a DAGManJobId' '=' '64272 -a submit_event_notes' '=' 'DAG' 'Node:' 'QCD_HT2000toInf_10 -a dagman_log' '=' '/uscms_data/d2/awhitbe1/workArea/RA2studies/analysisFrameworkAttempt/CMSSW_7_4_2/src/RA2bHiggsTagging/batchSub/./fullAnalysis_QCD_HT2000toInf.dag.nodes.log -a +DAGManNodesMask' '=' '"0,1,2,4,5,7,9,10,11,12,13,16,17,24,27" -a DAG_STATUS' '=' '2 -a FAILED_COUNT' '=' '1 -a +DAGParentNodeNames' '=' '"" -a notification' '=' 'never fullAnalysis_QCD_HT2000toInf_10.jdl
04/04/16 23:06:48 Job submit failed after 6 tries.
04/04/16 23:06:48 Shortcutting node QCD_HT2000toInf_10 retries because of submit failure(s)
04/04/16 23:06:48 Of 44 nodes total:
04/04/16 23:06:48  Done     Pre   Queued    Post   Ready   Un-Ready   Failed
04/04/16 23:06:48   ===     ===      ===     ===     ===        ===      ===
04/04/16 23:06:48     0       0        0       0      42          0        2
04/04/16 23:06:48 0 job proc(s) currently held
04/04/16 23:06:53 Submitting Condor Node QCD_HT2000toInf_11 job(s)...
04/04/16 23:06:53 Adding a DAGMan auxiliary log /uscms_data/d2/awhitbe1/workArea/RA2studies/analysisFrameworkAttempt/CMSSW_7_4_2/src/RA2bHiggsTagging/batchSub/./fullAnalysis_QCD_HT2000toInf.dag.nodes.log
04/04/16 23:06:53 Masking the events recorded in the DAGMAN auxiliary log
04/04/16 23:06:53 Mask for auxiliary log is 0,1,2,4,5,7,9,10,11,12,13,16,17,24,27
04/04/16 23:06:53 submitting: /usr/bin/condor_submit -a dag_node_name' '=' 'QCD_HT2000toInf_11 -a +DAGManJobId' '=' '64272 -a DAGManJobId' '=' '64272 -a submit_event_notes' '=' 'DAG' 'Node:' 'QCD_HT2000toInf_11 -a dagman_log' '=' '/uscms_data/d2/awhitbe1/workArea/RA2studies/analysisFrameworkAttempt/CMSSW_7_4_2/src/RA2bHiggsTagging/batchSub/./fullAnalysis_QCD_HT2000toInf.dag.nodes.log -a +DAGManNodesMask' '=' '"0,1,2,4,5,7,9,10,11,12,13,16,17,24,27" -a DAG_STATUS' '=' '2 -a FAILED_COUNT' '=' '2 -a +DAGParentNodeNames' '=' '"" -a notification' '=' 'never fullAnalysis_QCD_HT2000toInf_11.jdl
04/04/16 23:06:53 From submit: Submitting job(s)
04/04/16 23:06:53 From submit: ERROR: Can't open "/uscms_data/d2/awhitbe1/workArea/RA2studies/analysisFrameworkAttempt/CMSSW_7_4_2/src/RA2bHiggsTagging/batchSub/../RA2bHiggsTagging.tar"  with flags 00 (No such file or directory)
04/04/16 23:06:53 failed while reading from pipe.
04/04/16 23:06:53 Read so far: Submitting job(s)ERROR: Can't open "/uscms_data/d2/awhitbe1/workArea/RA2studies/analysisFrameworkAttempt/CMSSW_7_4_2/src/RA2bHiggsTagging/batchSub/../RA2bHiggsTagging.tar"  with flags 00 (No such file or directory)
04/04/16 23:06:53 ERROR: submit attempt failed
04/04/16 23:06:53 submit command was: /usr/bin/condor_submit -a dag_node_name' '=' 'QCD_HT2000toInf_11 -a +DAGManJobId' '=' '64272 -a DAGManJobId' '=' '64272 -a submit_event_notes' '=' 'DAG' 'Node:' 'QCD_HT2000toInf_11 -a dagman_log' '=' '/uscms_data/d2/awhitbe1/workArea/RA2studies/analysisFrameworkAttempt/CMSSW_7_4_2/src/RA2bHiggsTagging/batchSub/./fullAnalysis_QCD_HT2000toInf.dag.nodes.log -a +DAGManNodesMask' '=' '"0,1,2,4,5,7,9,10,11,12,13,16,17,24,27" -a DAG_STATUS' '=' '2 -a FAILED_COUNT' '=' '2 -a +DAGParentNodeNames' '=' '"" -a notification' '=' 'never fullAnalysis_QCD_HT2000toInf_11.jdl
04/04/16 23:06:53 Job submit try 1/6 failed, will try again in >= 1 second.
04/04/16 23:06:58 Submitting Condor Node QCD_HT2000toInf_11 job(s)...
04/04/16 23:06:58 Adding a DAGMan auxiliary log /uscms_data/d2/awhitbe1/workArea/RA2studies/analysisFrameworkAttempt/CMSSW_7_4_2/src/RA2bHiggsTagging/batchSub/./fullAnalysis_QCD_HT2000toInf.dag.nodes.log
04/04/16 23:06:58 Masking the events recorded in the DAGMAN auxiliary log
04/04/16 23:06:58 Mask for auxiliary log is 0,1,2,4,5,7,9,10,11,12,13,16,17,24,27
04/04/16 23:06:58 submitting: /usr/bin/condor_submit -a dag_node_name' '=' 'QCD_HT2000toInf_11 -a +DAGManJobId' '=' '64272 -a DAGManJobId' '=' '64272 -a submit_event_notes' '=' 'DAG' 'Node:' 'QCD_HT2000toInf_11 -a dagman_log' '=' '/uscms_data/d2/awhitbe1/workArea/RA2studies/analysisFrameworkAttempt/CMSSW_7_4_2/src/RA2bHiggsTagging/batchSub/./fullAnalysis_QCD_HT2000toInf.dag.nodes.log -a +DAGManNodesMask' '=' '"0,1,2,4,5,7,9,10,11,12,13,16,17,24,27" -a DAG_STATUS' '=' '2 -a FAILED_COUNT' '=' '2 -a +DAGParentNodeNames' '=' '"" -a notification' '=' 'never fullAnalysis_QCD_HT2000toInf_11.jdl
04/04/16 23:06:58 From submit: Submitting job(s)
04/04/16 23:06:58 From submit: ERROR: Can't open "/uscms_data/d2/awhitbe1/workArea/RA2studies/analysisFrameworkAttempt/CMSSW_7_4_2/src/RA2bHiggsTagging/batchSub/../RA2bHiggsTagging.tar"  with flags 00 (No such file or directory)
04/04/16 23:06:58 failed while reading from pipe.
04/04/16 23:06:58 Read so far: Submitting job(s)ERROR: Can't open "/uscms_data/d2/awhitbe1/workArea/RA2studies/analysisFrameworkAttempt/CMSSW_7_4_2/src/RA2bHiggsTagging/batchSub/../RA2bHiggsTagging.tar"  with flags 00 (No such file or directory)
04/04/16 23:06:58 ERROR: submit attempt failed
04/04/16 23:06:58 submit command was: /usr/bin/condor_submit -a dag_node_name' '=' 'QCD_HT2000toInf_11 -a +DAGManJobId' '=' '64272 -a DAGManJobId' '=' '64272 -a submit_event_notes' '=' 'DAG' 'Node:' 'QCD_HT2000toInf_11 -a dagman_log' '=' '/uscms_data/d2/awhitbe1/workArea/RA2studies/analysisFrameworkAttempt/CMSSW_7_4_2/src/RA2bHiggsTagging/batchSub/./fullAnalysis_QCD_HT2000toInf.dag.nodes.log -a +DAGManNodesMask' '=' '"0,1,2,4,5,7,9,10,11,12,13,16,17,24,27" -a DAG_STATUS' '=' '2 -a FAILED_COUNT' '=' '2 -a +DAGParentNodeNames' '=' '"" -a notification' '=' 'never fullAnalysis_QCD_HT2000toInf_11.jdl
04/04/16 23:06:58 Job submit try 2/6 failed, will try again in >= 2 seconds.
04/04/16 23:07:03 Submitting Condor Node QCD_HT2000toInf_11 job(s)...
04/04/16 23:07:03 Adding a DAGMan auxiliary log /uscms_data/d2/awhitbe1/workArea/RA2studies/analysisFrameworkAttempt/CMSSW_7_4_2/src/RA2bHiggsTagging/batchSub/./fullAnalysis_QCD_HT2000toInf.dag.nodes.log
04/04/16 23:07:03 Masking the events recorded in the DAGMAN auxiliary log
04/04/16 23:07:03 Mask for auxiliary log is 0,1,2,4,5,7,9,10,11,12,13,16,17,24,27
04/04/16 23:07:03 submitting: /usr/bin/condor_submit -a dag_node_name' '=' 'QCD_HT2000toInf_11 -a +DAGManJobId' '=' '64272 -a DAGManJobId' '=' '64272 -a submit_event_notes' '=' 'DAG' 'Node:' 'QCD_HT2000toInf_11 -a dagman_log' '=' '/uscms_data/d2/awhitbe1/workArea/RA2studies/analysisFrameworkAttempt/CMSSW_7_4_2/src/RA2bHiggsTagging/batchSub/./fullAnalysis_QCD_HT2000toInf.dag.nodes.log -a +DAGManNodesMask' '=' '"0,1,2,4,5,7,9,10,11,12,13,16,17,24,27" -a DAG_STATUS' '=' '2 -a FAILED_COUNT' '=' '2 -a +DAGParentNodeNames' '=' '"" -a notification' '=' 'never fullAnalysis_QCD_HT2000toInf_11.jdl
04/04/16 23:07:03 From submit: Submitting job(s)
04/04/16 23:07:03 From submit: ERROR: Can't open "/uscms_data/d2/awhitbe1/workArea/RA2studies/analysisFrameworkAttempt/CMSSW_7_4_2/src/RA2bHiggsTagging/batchSub/../RA2bHiggsTagging.tar"  with flags 00 (No such file or directory)
04/04/16 23:07:03 failed while reading from pipe.
04/04/16 23:07:03 Read so far: Submitting job(s)ERROR: Can't open "/uscms_data/d2/awhitbe1/workArea/RA2studies/analysisFrameworkAttempt/CMSSW_7_4_2/src/RA2bHiggsTagging/batchSub/../RA2bHiggsTagging.tar"  with flags 00 (No such file or directory)
04/04/16 23:07:03 ERROR: submit attempt failed
04/04/16 23:07:03 submit command was: /usr/bin/condor_submit -a dag_node_name' '=' 'QCD_HT2000toInf_11 -a +DAGManJobId' '=' '64272 -a DAGManJobId' '=' '64272 -a submit_event_notes' '=' 'DAG' 'Node:' 'QCD_HT2000toInf_11 -a dagman_log' '=' '/uscms_data/d2/awhitbe1/workArea/RA2studies/analysisFrameworkAttempt/CMSSW_7_4_2/src/RA2bHiggsTagging/batchSub/./fullAnalysis_QCD_HT2000toInf.dag.nodes.log -a +DAGManNodesMask' '=' '"0,1,2,4,5,7,9,10,11,12,13,16,17,24,27" -a DAG_STATUS' '=' '2 -a FAILED_COUNT' '=' '2 -a +DAGParentNodeNames' '=' '"" -a notification' '=' 'never fullAnalysis_QCD_HT2000toInf_11.jdl
04/04/16 23:07:03 Job submit try 3/6 failed, will try again in >= 4 seconds.
04/04/16 23:07:07 Received SIGUSR1
04/04/16 23:07:07 Aborting DAG...
04/04/16 23:07:07 Writing Rescue DAG to fullAnalysis_QCD_HT2000toInf.dag.rescue001...
04/04/16 23:07:07 Note: 0 total job deferrals because of -MaxJobs limit (0)
04/04/16 23:07:07 Note: 0 total job deferrals because of -MaxIdle limit (0)
04/04/16 23:07:07 Note: 0 total job deferrals because of node category throttles
04/04/16 23:07:07 Note: 0 total PRE script deferrals because of -MaxPre limit (0)
04/04/16 23:07:07 Note: 0 total POST script deferrals because of -MaxPost limit (0)
04/04/16 23:07:07 Of 44 nodes total:
04/04/16 23:07:07  Done     Pre   Queued    Post   Ready   Un-Ready   Failed
04/04/16 23:07:07   ===     ===      ===     ===     ===        ===      ===
04/04/16 23:07:07     0       0        0       0      42          0        2
04/04/16 23:07:07 0 job proc(s) currently held
04/04/16 23:07:07 Wrote metrics file fullAnalysis_QCD_HT2000toInf.dag.metrics.
04/04/16 23:07:07 Metrics not sent because of PEGASUS_METRICS or CONDOR_DEVELOPERS setting.
04/04/16 23:07:07 **** condor_scheduniv_exec.64272.0 (condor_DAGMAN) pid 6391 EXITING WITH STATUS 2
